<?xml version="1.0" encoding="UTF-8"?>
<Site BuildName="Linux-clang++-10"
	BuildStamp="20220516-1852-Experimental"
	Name="delphine"
	Generator="ctest-3.16.3"
	CompilerName="/bin/clang++-10"
	CompilerVersion="10.0.0"
	OSName="Linux"
	Hostname="delphine"
	OSRelease="5.16.19-76051619-generic"
	OSVersion="#202204081339~1649696161~20.04~091f44b-Ubuntu SMP PREEMPT Thu Ap"
	OSPlatform="x86_64"
	Is64Bits="1"
	VendorString="GenuineIntel"
	VendorID="Intel Corporation"
	FamilyID="6"
	ModelID="158"
	ProcessorCacheSize="12288"
	NumberOfLogicalCPU="8"
	NumberOfPhysicalCPU="8"
	TotalVirtualMemory="3999"
	TotalPhysicalMemory="32022"
	LogicalProcessorsPerPhysical="1"
	ProcessorClockFrequency="3600"
	>
	<Testing>
		<StartDateTime>May 16 14:52 EDT</StartDateTime>
		<StartTestTime>1652727167</StartTestTime>
		<TestList/>
		<EndDateTime>May 16 14:52 EDT</EndDateTime>
		<EndTestTime>1652727167</EndTestTime>
		<ElapsedMinutes>0</ElapsedMinutes>
	</Testing>
</Site>
